[+] Containers:
 |- [+] Container: /Game/Maps/Tests/GravityTest1
 |   |- [+] ActorDescs:
 |   |   |- Guid:01B87F544E796C074CC865986BBF7706 BaseClass: NativeClass:/Script/Landscape.LandscapeStreamingProxy Name:LandscapeStreamingProxy_BN55SI9ETKGRY904720BQHPG3_1_1_1_0 Label:LandscapeStreamingProxy_1_1_0 SpatiallyLoaded:1 Bounds:IsValid=true, Min=(X=0.000 Y=0.000 Z=-100.000), Max=(X=12600.000 Y=12600.000 Z=100.000) RuntimeGrid:None EditorOnly:0 RuntimeOnly:0 HLODRelevant:1
 |   |   |- Guid:0707140847081FCCDDC36A8E77197073 BaseClass: NativeClass:/Script/Engine.StaticMeshActor Name:StaticMeshActor_10 Label:SM_Cylinder8 SpatiallyLoaded:1 Bounds:IsValid=true, Min=(X=-1049.678 Y=-6700.000 Z=-12.292), Max=(X=-950.322 Y=-6100.645 Z=12.292) RuntimeGrid:None EditorOnly:0 RuntimeOnly:0 HLODRelevant:1 FolderPath:Obstacles/Roadbumps FolderGuid:FEEBC32E4868314ED344A2BDA4C895E1
 |   |   |- Guid:0CA81BF847822015AE7E12A20542F433 BaseClass: NativeClass:/Script/Engine.StaticMeshActor Name:StaticMeshActor_20 Label:SM_Cylinder12 SpatiallyLoaded:1 Bounds:IsValid=true, Min=(X=-250.000 Y=-6700.000 Z=-12.615), Max=(X=-150.000 Y=-6100.000 Z=12.615) RuntimeGrid:None EditorOnly:0 RuntimeOnly:0 HLODRelevant:1 FolderPath:Obstacles/Roadbumps FolderGuid:FEEBC32E4868314ED344A2BDA4C895E1
 |   |   |- Guid:0D788DA44B1BF1C338D3FE8662E0CB79 BaseClass: NativeClass:/Script/Engine.StaticMeshActor Name:StaticMeshActor_9 Label:SM_Cylinder7 SpatiallyLoaded:1 Bounds:IsValid=true, Min=(X=-1238.452 Y=-6700.000 Z=-12.292), Max=(X=-1139.097 Y=-6100.645 Z=12.292) RuntimeGrid:None EditorOnly:0 RuntimeOnly:0 HLODRelevant:1 FolderPath:Obstacles/Roadbumps FolderGuid:FEEBC32E4868314ED344A2BDA4C895E1
 |   |   |- Guid:150002AD4ABD1DBB39A7FEB3906936C3 BaseClass: NativeClass:/Script/Engine.StaticMeshActor Name:StaticMeshActor_6 Label:SM_Cube7 SpatiallyLoaded:1 Bounds:IsValid=true, Min=(X=-12600.003 Y=-12500.001 Z=0.000), Max=(X=-12500.001 Y=12599.999 Z=300.000) RuntimeGrid:None EditorOnly:0 RuntimeOnly:0 HLODRelevant:1 FolderPath:Landscape FolderGuid:912F765E4714A1DB296369A3E4390900
 |   |   |- Guid:19314D464781F453CB4716927DC5CA2C BaseClass: NativeClass:/Script/Landscape.LandscapeStreamingProxy Name:LandscapeStreamingProxy_BN55SI9ETKGRY904720BQHPG3_1_0_1_0 Label:LandscapeStreamingProxy_0_1_0 SpatiallyLoaded:1 Bounds:IsValid=true, Min=(X=-12600.000 Y=0.000 Z=-100.000), Max=(X=0.000 Y=12600.000 Z=100.000) RuntimeGrid:None EditorOnly:0 RuntimeOnly:0 HLODRelevant:1
 |   |   |- Guid:241F03234CCBA308783E13BDB1C742D5 BaseClass: NativeClass:/Script/Engine.StaticMeshActor Name:StaticMeshActor_17 Label:SM_Cylinder5 SpatiallyLoaded:1 Bounds:IsValid=true, Min=(X=1575.000 Y=325.000 Z=0.000), Max=(X=1625.000 Y=375.000 Z=150.000) RuntimeGrid:None EditorOnly:0 RuntimeOnly:0 HLODRelevant:0 FolderPath:Obstacles/Bollards FolderGuid:6FA7726D48C50C2F676EE28F88CF905C
 |   |   |- Guid:26B5791D4D2CC39EAA210BB8642578E8 BaseClass: NativeClass:/Script/Engine.StaticMeshActor Name:StaticMeshActor_15 Label:SM_Cylinder3 SpatiallyLoaded:1 Bounds:IsValid=true, Min=(X=-25.000 Y=325.000 Z=0.000), Max=(X=25.000 Y=375.000 Z=150.000) RuntimeGrid:None EditorOnly:0 RuntimeOnly:0 HLODRelevant:0 FolderPath:Obstacles/Bollards FolderGuid:6FA7726D48C50C2F676EE28F88CF905C
 |   |   |- Guid:2B1366E1418BF5156B58FA9717D7F6FD BaseClass: NativeClass:/Script/Engine.PostProcessVolume Name:PostProcessVolume_0 Label:PostProcessVolume SpatiallyLoaded:0 Bounds:IsValid=true, Min=(X=-12600.000 Y=-12600.000 Z=300.000), Max=(X=-12400.000 Y=-12400.000 Z=500.000) RuntimeGrid:None EditorOnly:0 RuntimeOnly:0 HLODRelevant:0 FolderPath:Lighting FolderGuid:602030AD4CB26C050EF7B98FCA62FBCA
 |   |   |- Guid:2D22412C4AF191EB9E928F94B989EDB5 BaseClass: NativeClass:/Script/Engine.StaticMeshActor Name:StaticMeshActor_23 Label:SM_Ramp2 SpatiallyLoaded:1 Bounds:IsValid=true, Min=(X=1800.000 Y=-6700.000 Z=-20.000), Max=(X=2400.000 Y=-6100.000 Z=100.000) RuntimeGrid:None EditorOnly:0 RuntimeOnly:0 HLODRelevant:1 FolderPath:Obstacles/Ramp FolderGuid:EC5389A3411DCBDB8DD9AAAE3D5DDEDA
 |   |   |- Guid:2E80713745BAEE6FF37CFE9B78E6FD84 BaseClass: NativeClass:/Script/Engine.StaticMeshActor Name:StaticMeshActor_UAID_A4AE111137DC5DFB00_1630210247 Label:SM_SkySphere SpatiallyLoaded:1 Bounds:IsValid=true, Min=(X=-1638400.000 Y=-1638400.000 Z=-1638400.000), Max=(X=1638400.000 Y=1638400.000 Z=1638400.000) RuntimeGrid:None EditorOnly:0 RuntimeOnly:0 HLODRelevant:1 FolderPath:Lighting FolderGuid:602030AD4CB26C050EF7B98FCA62FBCA
 |   |   |- Guid:3CBEBA4C4963C33E5D96468A108C95AD BaseClass: NativeClass:/Script/Engine.StaticMeshActor Name:StaticMeshActor_22 Label:SM_Ramp SpatiallyLoaded:1 Bounds:IsValid=true, Min=(X=700.000 Y=-6700.000 Z=-20.000), Max=(X=1300.000 Y=-6100.000 Z=100.000) RuntimeGrid:None EditorOnly:0 RuntimeOnly:0 HLODRelevant:1 FolderPath:Obstacles/Ramp FolderGuid:EC5389A3411DCBDB8DD9AAAE3D5DDEDA
 |   |   |- Guid:41203A8E411D4F6FC8B7A0A9E6053325 BaseClass: NativeClass:/Script/Engine.StaticMeshActor Name:StaticMeshActor_5 Label:SM_Cube6 SpatiallyLoaded:1 Bounds:IsValid=true, Min=(X=-12500.001 Y=12500.001 Z=0.000), Max=(X=12599.999 Y=12600.003 Z=300.000) RuntimeGrid:None EditorOnly:0 RuntimeOnly:0 HLODRelevant:1 FolderPath:Landscape FolderGuid:912F765E4714A1DB296369A3E4390900
 |   |   |- Guid:58060CCB4BB965FD664AFC8B1FD74F44 BaseClass: NativeClass:/Script/Engine.StaticMeshActor Name:StaticMeshActor_11 Label:SM_Cylinder9 SpatiallyLoaded:1 Bounds:IsValid=true, Min=(X=-850.000 Y=-6700.000 Z=-12.615), Max=(X=-750.000 Y=-6100.000 Z=12.615) RuntimeGrid:None EditorOnly:0 RuntimeOnly:0 HLODRelevant:1 FolderPath:Obstacles/Roadbumps FolderGuid:FEEBC32E4868314ED344A2BDA4C895E1
 |   |   |- Guid:60C42CE84E7CAB34C8DF4FAFC6D692FC BaseClass: NativeClass:/Script/Engine.StaticMeshActor Name:StaticMeshActor_18 Label:SM_Cylinder6 SpatiallyLoaded:1 Bounds:IsValid=true, Min=(X=2375.000 Y=325.000 Z=0.000), Max=(X=2425.000 Y=375.000 Z=150.000) RuntimeGrid:None EditorOnly:0 RuntimeOnly:0 HLODRelevant:0 FolderPath:Obstacles/Bollards FolderGuid:6FA7726D48C50C2F676EE28F88CF905C
 |   |   |- Guid:6BA27AF14FC8532FEC6DB4B89275ECBC BaseClass: NativeClass:/Script/Landscape.LandscapeStreamingProxy Name:LandscapeStreamingProxy_BN55SI9ETKGRY904720BQHPG3_1_0_0_0 Label:LandscapeStreamingProxy_0_0_0 SpatiallyLoaded:1 Bounds:IsValid=true, Min=(X=-12600.000 Y=-12600.000 Z=-100.000), Max=(X=0.000 Y=0.000 Z=100.000) RuntimeGrid:None EditorOnly:0 RuntimeOnly:0 HLODRelevant:1
 |   |   |- Guid:6BC0DFD54849D73677AA96BECE22F934 BaseClass: NativeClass:/Script/Landscape.LandscapeStreamingProxy Name:LandscapeStreamingProxy_BN55SI9ETKGRY904720BQHPG3_1_1_0_0 Label:LandscapeStreamingProxy_1_0_0 SpatiallyLoaded:1 Bounds:IsValid=true, Min=(X=0.000 Y=-12600.000 Z=-100.000), Max=(X=12600.000 Y=0.000 Z=100.000) RuntimeGrid:None EditorOnly:0 RuntimeOnly:0 HLODRelevant:1
 |   |   |- Guid:6F0C52FB49D5492EBEC9D1BE3713266F BaseClass: NativeClass:/Script/Engine.StaticMeshActor Name:StaticMeshActor_12 Label:SM_Cylinder10 SpatiallyLoaded:1 Bounds:IsValid=true, Min=(X=-650.000 Y=-6700.000 Z=-12.615), Max=(X=-550.000 Y=-6100.000 Z=12.615) RuntimeGrid:None EditorOnly:0 RuntimeOnly:0 HLODRelevant:1 FolderPath:Obstacles/Roadbumps FolderGuid:FEEBC32E4868314ED344A2BDA4C895E1
 |   |   |- Guid:70A5453E46E44B0105A238A5D2A09EEA BaseClass: NativeClass:/Script/Engine.StaticMeshActor Name:StaticMeshActor_19 Label:SM_Cylinder11 SpatiallyLoaded:1 Bounds:IsValid=true, Min=(X=-450.000 Y=-6700.000 Z=-12.615), Max=(X=-350.000 Y=-6100.000 Z=12.615) RuntimeGrid:None EditorOnly:0 RuntimeOnly:0 HLODRelevant:1 FolderPath:Obstacles/Roadbumps FolderGuid:FEEBC32E4868314ED344A2BDA4C895E1
 |   |   |- Guid:8399BECC4210B470AD297B9B402D6A7A BaseClass: NativeClass:/Script/Engine.StaticMeshActor Name:StaticMeshActor_0 Label:SM_Cube5 SpatiallyLoaded:1 Bounds:IsValid=true, Min=(X=12500.000 Y=-12600.000 Z=0.000), Max=(X=12600.002 Y=12500.000 Z=300.000) RuntimeGrid:None EditorOnly:0 RuntimeOnly:0 HLODRelevant:1 FolderPath:Landscape FolderGuid:912F765E4714A1DB296369A3E4390900
 |   |   |- Guid:8892F2124529A00F51C72BAB9C9E9839 BaseClass: NativeClass:/Script/Engine.PlayerStart Name:PlayerStart_1 Label:PlayerStart SpatiallyLoaded:0 Bounds:IsValid=true, Min=(X=2680.786 Y=-7941.118 Z=761.483), Max=(X=2760.786 Y=-7861.118 Z=853.483) RuntimeGrid:None EditorOnly:0 RuntimeOnly:0 HLODRelevant:0
 |   |   |- Guid:8ECC04F44B61BED9DC3C8AA7AE16DC46 BaseClass: NativeClass:/Script/Engine.StaticMeshActor Name:StaticMeshActor_14 Label:SM_Cylinder2 SpatiallyLoaded:1 Bounds:IsValid=true, Min=(X=-825.000 Y=325.000 Z=0.000), Max=(X=-775.000 Y=375.000 Z=150.000) RuntimeGrid:None EditorOnly:0 RuntimeOnly:0 HLODRelevant:0 FolderPath:Obstacles/Bollards FolderGuid:6FA7726D48C50C2F676EE28F88CF905C
 |   |   |- Guid:9743DB3E4007694D3646C9BE8B108429 BaseClass: NativeClass:/Script/Landscape.Landscape Name:Landscape_0 Label:Landscape SpatiallyLoaded:0 Bounds:IsValid=true, Min=(X=-25200.000 Y=-25200.000 Z=0.000), Max=(X=-25200.000 Y=-25200.000 Z=0.000) RuntimeGrid:None EditorOnly:0 RuntimeOnly:0 HLODRelevant:0 FolderPath:Landscape FolderGuid:912F765E4714A1DB296369A3E4390900
 |   |   |- Guid:A04C463E4ABDBBDB14FEFB9C0FDB5D55 BaseClass: NativeClass:/Script/Engine.TextRenderActor Name:TextRenderActor_1 Label:TextRenderActor SpatiallyLoaded:1 Bounds:IsValid=true, Min=(X=-12610.004 Y=-661.458 Z=70.598), Max=(X=-12609.996 Y=661.619 Z=270.598) RuntimeGrid:None EditorOnly:0 RuntimeOnly:0 HLODRelevant:0
 |   |   |- Guid:A180DA1E458BE296791005921F084B28 BaseClass: NativeClass:/Script/Engine.SkyLight Name:SkyLight_1 Label:SkyLight SpatiallyLoaded:0 Bounds:IsValid=true, Min=(X=-12600.000 Y=-12600.000 Z=590.000), Max=(X=-12600.000 Y=-12600.000 Z=590.000) RuntimeGrid:None EditorOnly:0 RuntimeOnly:0 HLODRelevant:0 FolderPath:Lighting FolderGuid:602030AD4CB26C050EF7B98FCA62FBCA
 |   |   |- Guid:ACEF0EBF4B1AF4E9C6AD599CA2911AF1 BaseClass: NativeClass:/Script/Engine.StaticMeshActor Name:StaticMeshActor_25 Label:SM_Cube SpatiallyLoaded:1 Bounds:IsValid=true, Min=(X=1300.000 Y=-6700.000 Z=0.000), Max=(X=1800.000 Y=-6100.000 Z=100.000) RuntimeGrid:None EditorOnly:0 RuntimeOnly:0 HLODRelevant:1 FolderPath:Obstacles/Ramp FolderGuid:EC5389A3411DCBDB8DD9AAAE3D5DDEDA
 |   |   |- Guid:B6F6E45E4BA328D827A991B610EEF5F7 BaseClass: NativeClass:/Script/Engine.DirectionalLight Name:DirectionalLight_0 Label:DirectionalLight SpatiallyLoaded:0 Bounds:IsValid=true, Min=(X=-4398046511104.000 Y=-4398046511104.000 Z=-4398046511104.000), Max=(X=4398046511104.000 Y=4398046511104.000 Z=4398046511104.000) RuntimeGrid:None EditorOnly:0 RuntimeOnly:0 HLODRelevant:0 FolderPath:Lighting FolderGuid:602030AD4CB26C050EF7B98FCA62FBCA
 |   |   |- Guid:BB2C127749D6CCBB262982BA4A25889A BaseClass: NativeClass:/Script/Engine.ExponentialHeightFog Name:ExponentialHeightFog_0 Label:ExponentialHeightFog SpatiallyLoaded:0 Bounds:IsValid=true, Min=(X=-18200.000 Y=-12650.000 Z=-6950.000), Max=(X=-18200.000 Y=-12650.000 Z=-6950.000) RuntimeGrid:None EditorOnly:0 RuntimeOnly:0 HLODRelevant:0 FolderPath:Lighting FolderGuid:602030AD4CB26C050EF7B98FCA62FBCA
 |   |   |- Guid:C073116E427B331136AE5B8CD5C0964F BaseClass:/Game/JoshTesting/GravityPawn.GravityPawn_C NativeClass:/Script/Engine.Pawn Name:GravityPawn_C_UAID_8469936FE2FD126801_2088386151 Label:GravityPawn SpatiallyLoaded:1 Bounds:IsValid=true, Min=(X=305.914 Y=-7940.000 Z=2225.914), Max=(X=434.086 Y=-7840.000 Z=2354.086) RuntimeGrid:None EditorOnly:0 RuntimeOnly:0 HLODRelevant:0
 |   |   |- Guid:C7FBD8D64B7FE5B89234A7AD78BB5AA6 BaseClass: NativeClass:/Script/Landscape.LandscapeSplineActor Name:LandscapeSplineActor_0 Label:LandscapeSplineActor SpatiallyLoaded:1 Bounds:IsValid=true, Min=(X=-25408.824 Y=-9884.410 Z=1354.916), Max=(X=26688.314 Y=16465.067 Z=15050.291) RuntimeGrid:None EditorOnly:0 RuntimeOnly:0 HLODRelevant:1
 |   |   |- Guid:CD774EE14B89763769F8DB9850DD2811 BaseClass: NativeClass:/Script/Engine.WorldDataLayers Name:WorldDataLayers Label:WorldDataLayers-1 SpatiallyLoaded:0 Bounds:IsValid=true, Min=(X=0.000 Y=0.000 Z=0.000), Max=(X=0.000 Y=0.000 Z=0.000) RuntimeGrid:None EditorOnly:0 RuntimeOnly:0 HLODRelevant:0
 |   |   |- Guid:D704F64C42A9D55B36A0FFB815523BAB BaseClass:/Game/Blueprints/EstebanTests/BP_Road.BP_Road_C NativeClass:/Script/Engine.Actor Name:BP_Road_C_UAID_8CEC4B08AEE7216701_1954978736 Label:BP_Road SpatiallyLoaded:1 Bounds:IsValid=true, Min=(X=11020.000 Y=640.000 Z=700.000), Max=(X=14120.000 Y=1880.000 Z=1020.000) RuntimeGrid:None EditorOnly:0 RuntimeOnly:0 HLODRelevant:0
 |   |   |- Guid:E0F974DE406E13061BB1239F08A01103 BaseClass: NativeClass:/Script/Engine.VolumetricCloud Name:VolumetricCloud_0 Label:VolumetricCloud SpatiallyLoaded:0 Bounds:IsValid=true, Min=(X=-12600.000 Y=-12600.000 Z=720.000), Max=(X=-12600.000 Y=-12600.000 Z=720.000) RuntimeGrid:None EditorOnly:0 RuntimeOnly:0 HLODRelevant:0 FolderPath:Lighting FolderGuid:602030AD4CB26C050EF7B98FCA62FBCA
 |   |   |- Guid:E4F952C2445A5C1A5BD3F3A2C6CE9B48 BaseClass: NativeClass:/Script/Engine.StaticMeshActor Name:StaticMeshActor_4 Label:SM_Cube4 SpatiallyLoaded:1 Bounds:IsValid=true, Min=(X=-12600.000 Y=-12600.001 Z=0.000), Max=(X=12500.000 Y=-12500.000 Z=300.000) RuntimeGrid:None EditorOnly:0 RuntimeOnly:0 HLODRelevant:1 FolderPath:Landscape FolderGuid:912F765E4714A1DB296369A3E4390900
 |   |   |- Guid:E727744C488E3DB9CE3EE3AC0DDA39BB BaseClass: NativeClass:/Script/Engine.StaticMeshActor Name:StaticMeshActor_16 Label:SM_Cylinder4 SpatiallyLoaded:1 Bounds:IsValid=true, Min=(X=775.000 Y=325.000 Z=0.000), Max=(X=825.000 Y=375.000 Z=150.000) RuntimeGrid:None EditorOnly:0 RuntimeOnly:0 HLODRelevant:0 FolderPath:Obstacles/Bollards FolderGuid:6FA7726D48C50C2F676EE28F88CF905C
 |   |   |- Guid:F49F22654B80C5DDAEE4C1A016E9EEE6 BaseClass: NativeClass:/Script/Engine.SkyAtmosphere Name:SkyAtmosphere_0 Label:SkyAtmosphere SpatiallyLoaded:0 Bounds:IsValid=true, Min=(X=-12600.000 Y=-12600.000 Z=920.000), Max=(X=-12600.000 Y=-12600.000 Z=920.000) RuntimeGrid:None EditorOnly:0 RuntimeOnly:0 HLODRelevant:0 FolderPath:Lighting FolderGuid:602030AD4CB26C050EF7B98FCA62FBCA
 |   |- [+] Clusters:
 |   |   |- [+] [  0]
 |   |   |   |- Guid:A180DA1E458BE296791005921F084B28 BaseClass: NativeClass:/Script/Engine.SkyLight Name:SkyLight_1 Label:SkyLight SpatiallyLoaded:0 Bounds:IsValid=true, Min=(X=-12600.000 Y=-12600.000 Z=590.000), Max=(X=-12600.000 Y=-12600.000 Z=590.000) RuntimeGrid:None EditorOnly:0 RuntimeOnly:0 HLODRelevant:0 FolderPath:Lighting FolderGuid:602030AD4CB26C050EF7B98FCA62FBCA
 |   |   |- [+] [  1]
 |   |   |   |- Guid:E727744C488E3DB9CE3EE3AC0DDA39BB BaseClass: NativeClass:/Script/Engine.StaticMeshActor Name:StaticMeshActor_16 Label:SM_Cylinder4 SpatiallyLoaded:1 Bounds:IsValid=true, Min=(X=775.000 Y=325.000 Z=0.000), Max=(X=825.000 Y=375.000 Z=150.000) RuntimeGrid:None EditorOnly:0 RuntimeOnly:0 HLODRelevant:0 FolderPath:Obstacles/Bollards FolderGuid:6FA7726D48C50C2F676EE28F88CF905C
 |   |   |- [+] [  2]
 |   |   |   |- Guid:8399BECC4210B470AD297B9B402D6A7A BaseClass: NativeClass:/Script/Engine.StaticMeshActor Name:StaticMeshActor_0 Label:SM_Cube5 SpatiallyLoaded:1 Bounds:IsValid=true, Min=(X=12500.000 Y=-12600.000 Z=0.000), Max=(X=12600.002 Y=12500.000 Z=300.000) RuntimeGrid:None EditorOnly:0 RuntimeOnly:0 HLODRelevant:1 FolderPath:Landscape FolderGuid:912F765E4714A1DB296369A3E4390900
 |   |   |- [+] [  3]
 |   |   |   |- Guid:C073116E427B331136AE5B8CD5C0964F BaseClass:/Game/JoshTesting/GravityPawn.GravityPawn_C NativeClass:/Script/Engine.Pawn Name:GravityPawn_C_UAID_8469936FE2FD126801_2088386151 Label:GravityPawn SpatiallyLoaded:1 Bounds:IsValid=true, Min=(X=305.914 Y=-7940.000 Z=2225.914), Max=(X=434.086 Y=-7840.000 Z=2354.086) RuntimeGrid:None EditorOnly:0 RuntimeOnly:0 HLODRelevant:0
 |   |   |- [+] [  4]
 |   |   |   |- Guid:6BC0DFD54849D73677AA96BECE22F934 BaseClass: NativeClass:/Script/Landscape.LandscapeStreamingProxy Name:LandscapeStreamingProxy_BN55SI9ETKGRY904720BQHPG3_1_1_0_0 Label:LandscapeStreamingProxy_1_0_0 SpatiallyLoaded:1 Bounds:IsValid=true, Min=(X=0.000 Y=-12600.000 Z=-100.000), Max=(X=12600.000 Y=0.000 Z=100.000) RuntimeGrid:None EditorOnly:0 RuntimeOnly:0 HLODRelevant:1
 |   |   |- [+] [  5]
 |   |   |   |- Guid:41203A8E411D4F6FC8B7A0A9E6053325 BaseClass: NativeClass:/Script/Engine.StaticMeshActor Name:StaticMeshActor_5 Label:SM_Cube6 SpatiallyLoaded:1 Bounds:IsValid=true, Min=(X=-12500.001 Y=12500.001 Z=0.000), Max=(X=12599.999 Y=12600.003 Z=300.000) RuntimeGrid:None EditorOnly:0 RuntimeOnly:0 HLODRelevant:1 FolderPath:Landscape FolderGuid:912F765E4714A1DB296369A3E4390900
 |   |   |- [+] [  6]
 |   |   |   |- Guid:8892F2124529A00F51C72BAB9C9E9839 BaseClass: NativeClass:/Script/Engine.PlayerStart Name:PlayerStart_1 Label:PlayerStart SpatiallyLoaded:0 Bounds:IsValid=true, Min=(X=2680.786 Y=-7941.118 Z=761.483), Max=(X=2760.786 Y=-7861.118 Z=853.483) RuntimeGrid:None EditorOnly:0 RuntimeOnly:0 HLODRelevant:0
 |   |   |- [+] [  7]
 |   |   |   |- Guid:26B5791D4D2CC39EAA210BB8642578E8 BaseClass: NativeClass:/Script/Engine.StaticMeshActor Name:StaticMeshActor_15 Label:SM_Cylinder3 SpatiallyLoaded:1 Bounds:IsValid=true, Min=(X=-25.000 Y=325.000 Z=0.000), Max=(X=25.000 Y=375.000 Z=150.000) RuntimeGrid:None EditorOnly:0 RuntimeOnly:0 HLODRelevant:0 FolderPath:Obstacles/Bollards FolderGuid:6FA7726D48C50C2F676EE28F88CF905C
 |   |   |- [+] [  8]
 |   |   |   |- Guid:2E80713745BAEE6FF37CFE9B78E6FD84 BaseClass: NativeClass:/Script/Engine.StaticMeshActor Name:StaticMeshActor_UAID_A4AE111137DC5DFB00_1630210247 Label:SM_SkySphere SpatiallyLoaded:1 Bounds:IsValid=true, Min=(X=-1638400.000 Y=-1638400.000 Z=-1638400.000), Max=(X=1638400.000 Y=1638400.000 Z=1638400.000) RuntimeGrid:None EditorOnly:0 RuntimeOnly:0 HLODRelevant:1 FolderPath:Lighting FolderGuid:602030AD4CB26C050EF7B98FCA62FBCA
 |   |   |- [+] [  9]
 |   |   |   |- Guid:CD774EE14B89763769F8DB9850DD2811 BaseClass: NativeClass:/Script/Engine.WorldDataLayers Name:WorldDataLayers Label:WorldDataLayers-1 SpatiallyLoaded:0 Bounds:IsValid=true, Min=(X=0.000 Y=0.000 Z=0.000), Max=(X=0.000 Y=0.000 Z=0.000) RuntimeGrid:None EditorOnly:0 RuntimeOnly:0 HLODRelevant:0
 |   |   |- [+] [ 10]
 |   |   |   |- Guid:9743DB3E4007694D3646C9BE8B108429 BaseClass: NativeClass:/Script/Landscape.Landscape Name:Landscape_0 Label:Landscape SpatiallyLoaded:0 Bounds:IsValid=true, Min=(X=-25200.000 Y=-25200.000 Z=0.000), Max=(X=-25200.000 Y=-25200.000 Z=0.000) RuntimeGrid:None EditorOnly:0 RuntimeOnly:0 HLODRelevant:0 FolderPath:Landscape FolderGuid:912F765E4714A1DB296369A3E4390900
 |   |   |- [+] [ 11]
 |   |   |   |- Guid:8ECC04F44B61BED9DC3C8AA7AE16DC46 BaseClass: NativeClass:/Script/Engine.StaticMeshActor Name:StaticMeshActor_14 Label:SM_Cylinder2 SpatiallyLoaded:1 Bounds:IsValid=true, Min=(X=-825.000 Y=325.000 Z=0.000), Max=(X=-775.000 Y=375.000 Z=150.000) RuntimeGrid:None EditorOnly:0 RuntimeOnly:0 HLODRelevant:0 FolderPath:Obstacles/Bollards FolderGuid:6FA7726D48C50C2F676EE28F88CF905C
 |   |   |- [+] [ 12]
 |   |   |   |- Guid:0CA81BF847822015AE7E12A20542F433 BaseClass: NativeClass:/Script/Engine.StaticMeshActor Name:StaticMeshActor_20 Label:SM_Cylinder12 SpatiallyLoaded:1 Bounds:IsValid=true, Min=(X=-250.000 Y=-6700.000 Z=-12.615), Max=(X=-150.000 Y=-6100.000 Z=12.615) RuntimeGrid:None EditorOnly:0 RuntimeOnly:0 HLODRelevant:1 FolderPath:Obstacles/Roadbumps FolderGuid:FEEBC32E4868314ED344A2BDA4C895E1
 |   |   |- [+] [ 13]
 |   |   |   |- Guid:E0F974DE406E13061BB1239F08A01103 BaseClass: NativeClass:/Script/Engine.VolumetricCloud Name:VolumetricCloud_0 Label:VolumetricCloud SpatiallyLoaded:0 Bounds:IsValid=true, Min=(X=-12600.000 Y=-12600.000 Z=720.000), Max=(X=-12600.000 Y=-12600.000 Z=720.000) RuntimeGrid:None EditorOnly:0 RuntimeOnly:0 HLODRelevant:0 FolderPath:Lighting FolderGuid:602030AD4CB26C050EF7B98FCA62FBCA
 |   |   |- [+] [ 14]
 |   |   |   |- Guid:2B1366E1418BF5156B58FA9717D7F6FD BaseClass: NativeClass:/Script/Engine.PostProcessVolume Name:PostProcessVolume_0 Label:PostProcessVolume SpatiallyLoaded:0 Bounds:IsValid=true, Min=(X=-12600.000 Y=-12600.000 Z=300.000), Max=(X=-12400.000 Y=-12400.000 Z=500.000) RuntimeGrid:None EditorOnly:0 RuntimeOnly:0 HLODRelevant:0 FolderPath:Lighting FolderGuid:602030AD4CB26C050EF7B98FCA62FBCA
 |   |   |- [+] [ 15]
 |   |   |   |- Guid:01B87F544E796C074CC865986BBF7706 BaseClass: NativeClass:/Script/Landscape.LandscapeStreamingProxy Name:LandscapeStreamingProxy_BN55SI9ETKGRY904720BQHPG3_1_1_1_0 Label:LandscapeStreamingProxy_1_1_0 SpatiallyLoaded:1 Bounds:IsValid=true, Min=(X=0.000 Y=0.000 Z=-100.000), Max=(X=12600.000 Y=12600.000 Z=100.000) RuntimeGrid:None EditorOnly:0 RuntimeOnly:0 HLODRelevant:1
 |   |   |- [+] [ 16]
 |   |   |   |- Guid:60C42CE84E7CAB34C8DF4FAFC6D692FC BaseClass: NativeClass:/Script/Engine.StaticMeshActor Name:StaticMeshActor_18 Label:SM_Cylinder6 SpatiallyLoaded:1 Bounds:IsValid=true, Min=(X=2375.000 Y=325.000 Z=0.000), Max=(X=2425.000 Y=375.000 Z=150.000) RuntimeGrid:None EditorOnly:0 RuntimeOnly:0 HLODRelevant:0 FolderPath:Obstacles/Bollards FolderGuid:6FA7726D48C50C2F676EE28F88CF905C
 |   |   |- [+] [ 17]
 |   |   |   |- Guid:58060CCB4BB965FD664AFC8B1FD74F44 BaseClass: NativeClass:/Script/Engine.StaticMeshActor Name:StaticMeshActor_11 Label:SM_Cylinder9 SpatiallyLoaded:1 Bounds:IsValid=true, Min=(X=-850.000 Y=-6700.000 Z=-12.615), Max=(X=-750.000 Y=-6100.000 Z=12.615) RuntimeGrid:None EditorOnly:0 RuntimeOnly:0 HLODRelevant:1 FolderPath:Obstacles/Roadbumps FolderGuid:FEEBC32E4868314ED344A2BDA4C895E1
 |   |   |- [+] [ 18]
 |   |   |   |- Guid:19314D464781F453CB4716927DC5CA2C BaseClass: NativeClass:/Script/Landscape.LandscapeStreamingProxy Name:LandscapeStreamingProxy_BN55SI9ETKGRY904720BQHPG3_1_0_1_0 Label:LandscapeStreamingProxy_0_1_0 SpatiallyLoaded:1 Bounds:IsValid=true, Min=(X=-12600.000 Y=0.000 Z=-100.000), Max=(X=0.000 Y=12600.000 Z=100.000) RuntimeGrid:None EditorOnly:0 RuntimeOnly:0 HLODRelevant:1
 |   |   |- [+] [ 19]
 |   |   |   |- Guid:C7FBD8D64B7FE5B89234A7AD78BB5AA6 BaseClass: NativeClass:/Script/Landscape.LandscapeSplineActor Name:LandscapeSplineActor_0 Label:LandscapeSplineActor SpatiallyLoaded:1 Bounds:IsValid=true, Min=(X=-25408.824 Y=-9884.410 Z=1354.916), Max=(X=26688.314 Y=16465.067 Z=15050.291) RuntimeGrid:None EditorOnly:0 RuntimeOnly:0 HLODRelevant:1
 |   |   |- [+] [ 20]
 |   |   |   |- Guid:A04C463E4ABDBBDB14FEFB9C0FDB5D55 BaseClass: NativeClass:/Script/Engine.TextRenderActor Name:TextRenderActor_1 Label:TextRenderActor SpatiallyLoaded:1 Bounds:IsValid=true, Min=(X=-12610.004 Y=-661.458 Z=70.598), Max=(X=-12609.996 Y=661.619 Z=270.598) RuntimeGrid:None EditorOnly:0 RuntimeOnly:0 HLODRelevant:0
 |   |   |- [+] [ 21]
 |   |   |   |- Guid:B6F6E45E4BA328D827A991B610EEF5F7 BaseClass: NativeClass:/Script/Engine.DirectionalLight Name:DirectionalLight_0 Label:DirectionalLight SpatiallyLoaded:0 Bounds:IsValid=true, Min=(X=-4398046511104.000 Y=-4398046511104.000 Z=-4398046511104.000), Max=(X=4398046511104.000 Y=4398046511104.000 Z=4398046511104.000) RuntimeGrid:None EditorOnly:0 RuntimeOnly:0 HLODRelevant:0 FolderPath:Lighting FolderGuid:602030AD4CB26C050EF7B98FCA62FBCA
 |   |   |- [+] [ 22]
 |   |   |   |- Guid:BB2C127749D6CCBB262982BA4A25889A BaseClass: NativeClass:/Script/Engine.ExponentialHeightFog Name:ExponentialHeightFog_0 Label:ExponentialHeightFog SpatiallyLoaded:0 Bounds:IsValid=true, Min=(X=-18200.000 Y=-12650.000 Z=-6950.000), Max=(X=-18200.000 Y=-12650.000 Z=-6950.000) RuntimeGrid:None EditorOnly:0 RuntimeOnly:0 HLODRelevant:0 FolderPath:Lighting FolderGuid:602030AD4CB26C050EF7B98FCA62FBCA
 |   |   |- [+] [ 23]
 |   |   |   |- Guid:241F03234CCBA308783E13BDB1C742D5 BaseClass: NativeClass:/Script/Engine.StaticMeshActor Name:StaticMeshActor_17 Label:SM_Cylinder5 SpatiallyLoaded:1 Bounds:IsValid=true, Min=(X=1575.000 Y=325.000 Z=0.000), Max=(X=1625.000 Y=375.000 Z=150.000) RuntimeGrid:None EditorOnly:0 RuntimeOnly:0 HLODRelevant:0 FolderPath:Obstacles/Bollards FolderGuid:6FA7726D48C50C2F676EE28F88CF905C
 |   |   |- [+] [ 24]
 |   |   |   |- Guid:6F0C52FB49D5492EBEC9D1BE3713266F BaseClass: NativeClass:/Script/Engine.StaticMeshActor Name:StaticMeshActor_12 Label:SM_Cylinder10 SpatiallyLoaded:1 Bounds:IsValid=true, Min=(X=-650.000 Y=-6700.000 Z=-12.615), Max=(X=-550.000 Y=-6100.000 Z=12.615) RuntimeGrid:None EditorOnly:0 RuntimeOnly:0 HLODRelevant:1 FolderPath:Obstacles/Roadbumps FolderGuid:FEEBC32E4868314ED344A2BDA4C895E1
 |   |   |- [+] [ 25]
 |   |   |   |- Guid:6BA27AF14FC8532FEC6DB4B89275ECBC BaseClass: NativeClass:/Script/Landscape.LandscapeStreamingProxy Name:LandscapeStreamingProxy_BN55SI9ETKGRY904720BQHPG3_1_0_0_0 Label:LandscapeStreamingProxy_0_0_0 SpatiallyLoaded:1 Bounds:IsValid=true, Min=(X=-12600.000 Y=-12600.000 Z=-100.000), Max=(X=0.000 Y=0.000 Z=100.000) RuntimeGrid:None EditorOnly:0 RuntimeOnly:0 HLODRelevant:1
 |   |   |- [+] [ 26]
 |   |   |   |- Guid:70A5453E46E44B0105A238A5D2A09EEA BaseClass: NativeClass:/Script/Engine.StaticMeshActor Name:StaticMeshActor_19 Label:SM_Cylinder11 SpatiallyLoaded:1 Bounds:IsValid=true, Min=(X=-450.000 Y=-6700.000 Z=-12.615), Max=(X=-350.000 Y=-6100.000 Z=12.615) RuntimeGrid:None EditorOnly:0 RuntimeOnly:0 HLODRelevant:1 FolderPath:Obstacles/Roadbumps FolderGuid:FEEBC32E4868314ED344A2BDA4C895E1
 |   |   |- [+] [ 27]
 |   |   |   |- Guid:2D22412C4AF191EB9E928F94B989EDB5 BaseClass: NativeClass:/Script/Engine.StaticMeshActor Name:StaticMeshActor_23 Label:SM_Ramp2 SpatiallyLoaded:1 Bounds:IsValid=true, Min=(X=1800.000 Y=-6700.000 Z=-20.000), Max=(X=2400.000 Y=-6100.000 Z=100.000) RuntimeGrid:None EditorOnly:0 RuntimeOnly:0 HLODRelevant:1 FolderPath:Obstacles/Ramp FolderGuid:EC5389A3411DCBDB8DD9AAAE3D5DDEDA
 |   |   |- [+] [ 28]
 |   |   |   |- Guid:0707140847081FCCDDC36A8E77197073 BaseClass: NativeClass:/Script/Engine.StaticMeshActor Name:StaticMeshActor_10 Label:SM_Cylinder8 SpatiallyLoaded:1 Bounds:IsValid=true, Min=(X=-1049.678 Y=-6700.000 Z=-12.292), Max=(X=-950.322 Y=-6100.645 Z=12.292) RuntimeGrid:None EditorOnly:0 RuntimeOnly:0 HLODRelevant:1 FolderPath:Obstacles/Roadbumps FolderGuid:FEEBC32E4868314ED344A2BDA4C895E1
 |   |   |- [+] [ 29]
 |   |   |   |- Guid:ACEF0EBF4B1AF4E9C6AD599CA2911AF1 BaseClass: NativeClass:/Script/Engine.StaticMeshActor Name:StaticMeshActor_25 Label:SM_Cube SpatiallyLoaded:1 Bounds:IsValid=true, Min=(X=1300.000 Y=-6700.000 Z=0.000), Max=(X=1800.000 Y=-6100.000 Z=100.000) RuntimeGrid:None EditorOnly:0 RuntimeOnly:0 HLODRelevant:1 FolderPath:Obstacles/Ramp FolderGuid:EC5389A3411DCBDB8DD9AAAE3D5DDEDA
 |   |   |- [+] [ 30]
 |   |   |   |- Guid:0D788DA44B1BF1C338D3FE8662E0CB79 BaseClass: NativeClass:/Script/Engine.StaticMeshActor Name:StaticMeshActor_9 Label:SM_Cylinder7 SpatiallyLoaded:1 Bounds:IsValid=true, Min=(X=-1238.452 Y=-6700.000 Z=-12.292), Max=(X=-1139.097 Y=-6100.645 Z=12.292) RuntimeGrid:None EditorOnly:0 RuntimeOnly:0 HLODRelevant:1 FolderPath:Obstacles/Roadbumps FolderGuid:FEEBC32E4868314ED344A2BDA4C895E1
 |   |   |- [+] [ 31]
 |   |   |   |- Guid:F49F22654B80C5DDAEE4C1A016E9EEE6 BaseClass: NativeClass:/Script/Engine.SkyAtmosphere Name:SkyAtmosphere_0 Label:SkyAtmosphere SpatiallyLoaded:0 Bounds:IsValid=true, Min=(X=-12600.000 Y=-12600.000 Z=920.000), Max=(X=-12600.000 Y=-12600.000 Z=920.000) RuntimeGrid:None EditorOnly:0 RuntimeOnly:0 HLODRelevant:0 FolderPath:Lighting FolderGuid:602030AD4CB26C050EF7B98FCA62FBCA
 |   |   |- [+] [ 32]
 |   |   |   |- Guid:3CBEBA4C4963C33E5D96468A108C95AD BaseClass: NativeClass:/Script/Engine.StaticMeshActor Name:StaticMeshActor_22 Label:SM_Ramp SpatiallyLoaded:1 Bounds:IsValid=true, Min=(X=700.000 Y=-6700.000 Z=-20.000), Max=(X=1300.000 Y=-6100.000 Z=100.000) RuntimeGrid:None EditorOnly:0 RuntimeOnly:0 HLODRelevant:1 FolderPath:Obstacles/Ramp FolderGuid:EC5389A3411DCBDB8DD9AAAE3D5DDEDA
 |   |   |- [+] [ 33]
 |   |   |   |- Guid:150002AD4ABD1DBB39A7FEB3906936C3 BaseClass: NativeClass:/Script/Engine.StaticMeshActor Name:StaticMeshActor_6 Label:SM_Cube7 SpatiallyLoaded:1 Bounds:IsValid=true, Min=(X=-12600.003 Y=-12500.001 Z=0.000), Max=(X=-12500.001 Y=12599.999 Z=300.000) RuntimeGrid:None EditorOnly:0 RuntimeOnly:0 HLODRelevant:1 FolderPath:Landscape FolderGuid:912F765E4714A1DB296369A3E4390900
 |   |   |- [+] [ 34]
 |   |   |   |- Guid:E4F952C2445A5C1A5BD3F3A2C6CE9B48 BaseClass: NativeClass:/Script/Engine.StaticMeshActor Name:StaticMeshActor_4 Label:SM_Cube4 SpatiallyLoaded:1 Bounds:IsValid=true, Min=(X=-12600.000 Y=-12600.001 Z=0.000), Max=(X=12500.000 Y=-12500.000 Z=300.000) RuntimeGrid:None EditorOnly:0 RuntimeOnly:0 HLODRelevant:1 FolderPath:Landscape FolderGuid:912F765E4714A1DB296369A3E4390900
 |   |   |- [+] [ 35]
 |   |   |   |- Guid:D704F64C42A9D55B36A0FFB815523BAB BaseClass:/Game/Blueprints/EstebanTests/BP_Road.BP_Road_C NativeClass:/Script/Engine.Actor Name:BP_Road_C_UAID_8CEC4B08AEE7216701_1954978736 Label:BP_Road SpatiallyLoaded:1 Bounds:IsValid=true, Min=(X=11020.000 Y=640.000 Z=700.000), Max=(X=14120.000 Y=1880.000 Z=1020.000) RuntimeGrid:None EditorOnly:0 RuntimeOnly:0 HLODRelevant:0
 |- ContainerInstances:
 |- [+] MainContainer:
 |   |-        ID: 0x0000000000000000
 |   |-    Bounds: IsValid=false, Min=(X=0.000 Y=0.000 Z=0.000), Max=(X=0.000 Y=0.000 Z=0.000)
 |   |- Transform: 0.000000,0.000000,0.000000|0.000000,0.000000,-0.000000|1.000000,1.000000,1.000000
 |   |- Container: /Game/Maps/Tests/GravityTest1
----------------------------------------------------------------------------------------------------------------
GravityTest1 - Persistent Level
----------------------------------------------------------------------------------------------------------------
Always loaded Actor Count: 43 

----------------------------------------------------------------------------------------------------------------
GravityTest1 - Runtime Spatial Hash - Streaming Grid - MainGrid
----------------------------------------------------------------------------------------------------------------
            Origin: X=0.000 Y=0.000 Z=0.000
         Cell Size: 12800
      World Bounds: IsValid=false, Min=(X=0.000 Y=0.000 Z=0.000), Max=(X=0.000 Y=0.000 Z=0.000)
     Loading Range: 25600.00
Block Slow Loading: No
 ClientOnlyVisible: No

[+] Grid Levels: 1
 |- Level  0: Cell Count    0 | Cell Size   12800 | Actor Count    0 (0.0%)

[+] Content of Grid Level 0

